<?xml version="1.0" encoding="UTF-8"?>
<testng-results skipped="0" failed="0" ignored="0" total="2" passed="2">
  <reporter-output>
  </reporter-output>
  <suite name="Suite" duration-ms="53803" started-at="2021-06-02T18:31:21 IST" finished-at="2021-06-02T18:32:15 IST">
    <groups>
    </groups>
    <test name="Test" duration-ms="53803" started-at="2021-06-02T18:31:21 IST" finished-at="2021-06-02T18:32:15 IST">
      <class name="com.assignment1.CheckPHPTravels">
        <test-method status="PASS" signature="setup(java.lang.String, java.lang.String)[pri:0, instance:com.assignment1.CheckPHPTravels@2c039ac6]" name="setup" is-config="true" duration-ms="10549" started-at="2021-06-02T18:31:21 IST" finished-at="2021-06-02T18:31:31 IST">
          <params>
            <param index="0">
              <value>
                <![CDATA[chrome]]>
              </value>
            </param>
            <param index="1">
              <value>
                <![CDATA[https://www.phptravels.net/]]>
              </value>
            </param>
          </params>
          <reporter-output>
          </reporter-output>
        </test-method> <!-- setup -->
        <test-method status="PASS" signature="signupUser()[pri:0, instance:com.assignment1.CheckPHPTravels@2c039ac6]" name="signupUser" duration-ms="28731" started-at="2021-06-02T18:31:32 IST" finished-at="2021-06-02T18:32:00 IST">
          <reporter-output>
          </reporter-output>
        </test-method> <!-- signupUser -->
        <test-method status="PASS" signature="loginUser()[pri:0, instance:com.assignment1.CheckPHPTravels@2c039ac6]" name="loginUser" duration-ms="13106" started-at="2021-06-02T18:32:00 IST" depends-on-methods="com.assignment1.CheckPHPTravels.signupUser" finished-at="2021-06-02T18:32:13 IST">
          <reporter-output>
          </reporter-output>
        </test-method> <!-- loginUser -->
        <test-method status="PASS" signature="quit()[pri:0, instance:com.assignment1.CheckPHPTravels@2c039ac6]" name="quit" is-config="true" duration-ms="1318" started-at="2021-06-02T18:32:13 IST" finished-at="2021-06-02T18:32:15 IST">
          <reporter-output>
          </reporter-output>
        </test-method> <!-- quit -->
      </class> <!-- com.assignment1.CheckPHPTravels -->
    </test> <!-- Test -->
  </suite> <!-- Suite -->
</testng-results>
