<?xml version="1.0" encoding="UTF-8"?>
<testng-results skipped="0" failed="0" ignored="0" total="2" passed="2">
  <reporter-output>
  </reporter-output>
  <suite name="Suite" duration-ms="47577" started-at="2021-06-01T19:03:38 IST" finished-at="2021-06-01T19:04:26 IST">
    <groups>
    </groups>
    <test name="Test" duration-ms="47577" started-at="2021-06-01T19:03:38 IST" finished-at="2021-06-01T19:04:26 IST">
      <class name="com.assignment1.CheckPHPTravels">
        <test-method status="PASS" signature="setup(java.lang.String, java.lang.String)[pri:0, instance:com.assignment1.CheckPHPTravels@43a0cee9]" name="setup" is-config="true" duration-ms="7162" started-at="2021-06-01T19:03:38 IST" finished-at="2021-06-01T19:03:46 IST">
          <params>
            <param index="0">
              <value>
                <![CDATA[chrome]]>
              </value>
            </param>
            <param index="1">
              <value>
                <![CDATA[https://www.phptravels.net/]]>
              </value>
            </param>
          </params>
          <reporter-output>
          </reporter-output>
        </test-method> <!-- setup -->
        <test-method status="PASS" signature="signupUser()[pri:0, instance:com.assignment1.CheckPHPTravels@43a0cee9]" name="signupUser" duration-ms="25889" started-at="2021-06-01T19:03:46 IST" finished-at="2021-06-01T19:04:11 IST">
          <reporter-output>
          </reporter-output>
        </test-method> <!-- signupUser -->
        <test-method status="PASS" signature="loginUser()[pri:0, instance:com.assignment1.CheckPHPTravels@43a0cee9]" name="loginUser" duration-ms="13676" started-at="2021-06-01T19:04:11 IST" depends-on-methods="com.assignment1.CheckPHPTravels.signupUser" finished-at="2021-06-01T19:04:25 IST">
          <reporter-output>
          </reporter-output>
        </test-method> <!-- loginUser -->
        <test-method status="PASS" signature="quit()[pri:0, instance:com.assignment1.CheckPHPTravels@43a0cee9]" name="quit" is-config="true" duration-ms="783" started-at="2021-06-01T19:04:25 IST" finished-at="2021-06-01T19:04:26 IST">
          <reporter-output>
          </reporter-output>
        </test-method> <!-- quit -->
      </class> <!-- com.assignment1.CheckPHPTravels -->
    </test> <!-- Test -->
  </suite> <!-- Suite -->
</testng-results>
